Using pre-set license
Built from '2021.3/release' branch; Version is '2021.3.17f1 (3e8111cac19d) revision 4096273'; Using compiler version '192829333'; Build Type 'Release'
OS: 'Windows 10  (10.0.19044) 64bit Core' Language: 'ru' Physical Memory: 32405 MB
BatchMode: 1, IsHumanControllingUs: 0, StartBugReporterOnCrash: 0, Is64bit: 1, IsPro: 1

COMMAND LINE ARGUMENTS:
C:\Unity\2021.3.17f1\Editor\Unity.exe
-adb2
-batchMode
-noUpm
-name
AssetImportWorker0
-projectPath
C:/Users/aburg/Desktop/TowerDefence2D
-logFile
Logs/AssetImportWorker0.log
-srvPort
55851
Successfully changed project path to: C:/Users/aburg/Desktop/TowerDefence2D
C:/Users/aburg/Desktop/TowerDefence2D
[UnityMemory] Configuration Parameters - Can be set up in boot.config
    "memorysetup-bucket-allocator-granularity=16"
    "memorysetup-bucket-allocator-bucket-count=8"
    "memorysetup-bucket-allocator-block-size=33554432"
    "memorysetup-bucket-allocator-block-count=8"
    "memorysetup-main-allocator-block-size=16777216"
    "memorysetup-thread-allocator-block-size=16777216"
    "memorysetup-gfx-main-allocator-block-size=16777216"
    "memorysetup-gfx-thread-allocator-block-size=16777216"
    "memorysetup-cache-allocator-block-size=4194304"
    "memorysetup-typetree-allocator-block-size=2097152"
    "memorysetup-profiler-bucket-allocator-granularity=16"
    "memorysetup-profiler-bucket-allocator-bucket-count=8"
    "memorysetup-profiler-bucket-allocator-block-size=33554432"
    "memorysetup-profiler-bucket-allocator-block-count=8"
    "memorysetup-profiler-allocator-block-size=16777216"
    "memorysetup-profiler-editor-allocator-block-size=1048576"
    "memorysetup-temp-allocator-size-main=16777216"
    "memorysetup-job-temp-allocator-block-size=2097152"
    "memorysetup-job-temp-allocator-block-size-background=1048576"
    "memorysetup-job-temp-allocator-reduction-small-platforms=262144"
    "memorysetup-temp-allocator-size-background-worker=32768"
    "memorysetup-temp-allocator-size-job-worker=262144"
    "memorysetup-temp-allocator-size-preload-manager=33554432"
    "memorysetup-temp-allocator-size-nav-mesh-worker=65536"
    "memorysetup-temp-allocator-size-audio-worker=65536"
    "memorysetup-temp-allocator-size-cloud-worker=32768"
    "memorysetup-temp-allocator-size-gi-baking-worker=262144"
    "memorysetup-temp-allocator-size-gfx=262144"
Player connection [13816] Host "[IP] 192.168.0.63 [Port] 0 [Flags] 2 [Guid] 1203326293 [EditorId] 1203326293 [Version] 1048832 [Id] WindowsEditor(7,DESKTOP-421VU84) [Debug] 1 [PackageName] WindowsEditor [ProjectName] Editor" joined multi-casting on [225.0.0.222:54997]...

Player connection [13816] Host "[IP] 192.168.0.63 [Port] 0 [Flags] 2 [Guid] 1203326293 [EditorId] 1203326293 [Version] 1048832 [Id] WindowsEditor(7,DESKTOP-421VU84) [Debug] 1 [PackageName] WindowsEditor [ProjectName] Editor" joined alternative multi-casting on [225.0.0.222:34997]...

Refreshing native plugins compatible for Editor in 236.03 ms, found 2 plugins.
Preloading 0 native plugins for Editor in 0.00 ms.
Initialize engine version: 2021.3.17f1 (3e8111cac19d)
[Subsystems] Discovering subsystems at path C:/Unity/2021.3.17f1/Editor/Data/Resources/UnitySubsystems
[Subsystems] Discovering subsystems at path C:/Users/aburg/Desktop/TowerDefence2D/Assets
GfxDevice: creating device client; threaded=0; jobified=0
Direct3D:
    Version:  Direct3D 11.0 [level 11.1]
    Renderer: NVIDIA GeForce RTX 3070 Laptop GPU (ID=0x249d)
    Vendor:   NVIDIA
    VRAM:     8033 MB
    Driver:   31.0.15.2878
Initialize mono
Mono path[0] = 'C:/Unity/2021.3.17f1/Editor/Data/Managed'
Mono path[1] = 'C:/Unity/2021.3.17f1/Editor/Data/MonoBleedingEdge/lib/mono/unityjit-win32'
Mono config path = 'C:/Unity/2021.3.17f1/Editor/Data/MonoBleedingEdge/etc'
Using monoOptions --debugger-agent=transport=dt_socket,embedding=1,server=y,suspend=n,address=127.0.0.1:56916
Begin MonoManager ReloadAssembly
Registering precompiled unity dll's ...
Register platform support module: C:/Unity/2021.3.17f1/Editor/Data/PlaybackEngines/WindowsStandaloneSupport/UnityEditor.WindowsStandalone.Extensions.dll
Registered in 0.014020 seconds.
Native extension for WindowsStandalone target not found
Refreshing native plugins compatible for Editor in 237.23 ms, found 2 plugins.
Preloading 0 native plugins for Editor in 0.00 ms.
Mono: successfully reloaded assembly
- Completed reload, in  2.632 seconds
Domain Reload Profiling:
	ReloadAssembly (2634ms)
		BeginReloadAssembly (327ms)
			ExecutionOrderSort (0ms)
			DisableScriptedObjects (0ms)
			BackupInstance (0ms)
			ReleaseScriptingObjects (0ms)
			CreateAndSetChildDomain (4ms)
		EndReloadAssembly (1846ms)
			LoadAssemblies (316ms)
			RebuildTransferFunctionScriptingTraits (0ms)
			SetupTypeCache (414ms)
			ReleaseScriptCaches (0ms)
			RebuildScriptCaches (123ms)
			SetupLoadedEditorAssemblies (1087ms)
				LogAssemblyErrors (0ms)
				InitializePlatformSupportModulesInManaged (25ms)
				SetLoadedEditorAssemblies (1ms)
				RefreshPlugins (237ms)
				BeforeProcessingInitializeOnLoad (6ms)
				ProcessInitializeOnLoadAttributes (597ms)
				ProcessInitializeOnLoadMethodAttributes (220ms)
				AfterProcessingInitializeOnLoad (0ms)
				EditorAssembliesLoaded (0ms)
			ExecutionOrderSort2 (0ms)
			AwakeInstancesAfterBackupRestoration (0ms)
Platform modules already initialized, skipping
Registering precompiled user dll's ...
Registered in 0.016556 seconds.
Begin MonoManager ReloadAssembly
Native extension for WindowsStandalone target not found
Refreshing native plugins compatible for Editor in 3.15 ms, found 2 plugins.
Preloading 0 native plugins for Editor in 0.00 ms.
Mono: successfully reloaded assembly
- Completed reload, in  4.624 seconds
Domain Reload Profiling:
	ReloadAssembly (4628ms)
		BeginReloadAssembly (481ms)
			ExecutionOrderSort (0ms)
			DisableScriptedObjects (32ms)
			BackupInstance (0ms)
			ReleaseScriptingObjects (0ms)
			CreateAndSetChildDomain (73ms)
		EndReloadAssembly (3587ms)
			LoadAssemblies (331ms)
			RebuildTransferFunctionScriptingTraits (0ms)
			SetupTypeCache (893ms)
			ReleaseScriptCaches (2ms)
			RebuildScriptCaches (228ms)
			SetupLoadedEditorAssemblies (1941ms)
				LogAssemblyErrors (0ms)
				InitializePlatformSupportModulesInManaged (25ms)
				SetLoadedEditorAssemblies (3ms)
				RefreshPlugins (3ms)
				BeforeProcessingInitializeOnLoad (321ms)
				ProcessInitializeOnLoadAttributes (981ms)
				ProcessInitializeOnLoadMethodAttributes (571ms)
				AfterProcessingInitializeOnLoad (36ms)
				EditorAssembliesLoaded (1ms)
			ExecutionOrderSort2 (0ms)
			AwakeInstancesAfterBackupRestoration (30ms)
Platform modules already initialized, skipping
========================================================================
Worker process is ready to serve import requests
Launched and connected shader compiler UnityShaderCompiler.exe after 0.16 seconds
Refreshing native plugins compatible for Editor in 1.20 ms, found 2 plugins.
Preloading 0 native plugins for Editor in 0.00 ms.
Unloading 2418 Unused Serialized files (Serialized files now loaded: 0)
Unloading 60 unused Assets / (57.1 KB). Loaded Objects now: 2851.
Memory consumption went from 91.6 MB to 91.6 MB.
Total: 12.142500 ms (FindLiveObjects: 0.237900 ms CreateObjectMapping: 0.104500 ms MarkObjects: 11.656400 ms  DeleteObjects: 0.141800 ms)

AssetImportParameters requested are different than current active one (requested -> active):
  custom:video-decoder-ogg-theora: a1e56fd34408186e4bbccfd4996cb3dc -> 
  custom:container-muxer-webm: aa71ff27fc2769a1b78a27578f13a17b -> 
  custom:container-demuxer-webm: 4f35f7cbe854078d1ac9338744f61a02 -> 
  custom:video-encoder-webm-vp8: eb34c28f22e8b96e1ab97ce403110664 -> 
  custom:audio-encoder-webm-vorbis: bf7c407c2cedff20999df2af8eb42d56 -> 
  custom:framework-win-MediaFoundation: 216162199b28c13a410421893ffa2e32 -> 
  custom:container-demuxer-ogg: 62fdf1f143b41e24485cea50d1cbac27 -> 
  custom:video-decoder-webm-vp8: 9c59270c3fd7afecdb556c50c9e8de78 -> 
  custom:audio-decoder-ogg-vorbis: bf7c407c2cedff20999df2af8eb42d56 -> 
========================================================================
Received Import Request.
  Time since last request: 9001.937423 seconds.
  path: Assets/Scenes/Level1.unity
  artifactKey: Guid(f28aa545aa5ccd743913c4dda4eefbbf) Importer(815301076,1909f56bfc062723c751e8b465ee728b)
Start importing Assets/Scenes/Level1.unity using Guid(f28aa545aa5ccd743913c4dda4eefbbf) Importer(815301076,1909f56bfc062723c751e8b465ee728b)  -> (artifact id: 'd9d78b6af2b2dabd708b2b2662940f80') in 0.025730 seconds 
========================================================================
Received Import Request.
  Time since last request: 0.000034 seconds.
  path: Assets/Preview1.jpg
  artifactKey: Guid(19fd610c33c99f341b2f269c7788c8ed) Importer(815301076,1909f56bfc062723c751e8b465ee728b)
Start importing Assets/Preview1.jpg using Guid(19fd610c33c99f341b2f269c7788c8ed) Importer(815301076,1909f56bfc062723c751e8b465ee728b)  -> (artifact id: '67090ee777a0b3d1c4ad86e59b336960') in 1.323623 seconds 
========================================================================
Received Prepare
Registering precompiled user dll's ...
Registered in 0.018533 seconds.
Begin MonoManager ReloadAssembly
Native extension for WindowsStandalone target not found
Refreshing native plugins compatible for Editor in 3.47 ms, found 2 plugins.
Preloading 0 native plugins for Editor in 0.00 ms.
Mono: successfully reloaded assembly
- Completed reload, in  3.910 seconds
Domain Reload Profiling:
	ReloadAssembly (3916ms)
		BeginReloadAssembly (431ms)
			ExecutionOrderSort (0ms)
			DisableScriptedObjects (26ms)
			BackupInstance (0ms)
			ReleaseScriptingObjects (0ms)
			CreateAndSetChildDomain (96ms)
		EndReloadAssembly (3110ms)
			LoadAssemblies (296ms)
			RebuildTransferFunctionScriptingTraits (0ms)
			SetupTypeCache (750ms)
			ReleaseScriptCaches (3ms)
			RebuildScriptCaches (163ms)
			SetupLoadedEditorAssemblies (1715ms)
				LogAssemblyErrors (0ms)
				InitializePlatformSupportModulesInManaged (51ms)
				SetLoadedEditorAssemblies (3ms)
				RefreshPlugins (4ms)
				BeforeProcessingInitializeOnLoad (288ms)
				ProcessInitializeOnLoadAttributes (853ms)
				ProcessInitializeOnLoadMethodAttributes (491ms)
				AfterProcessingInitializeOnLoad (25ms)
				EditorAssembliesLoaded (1ms)
			ExecutionOrderSort2 (0ms)
			AwakeInstancesAfterBackupRestoration (23ms)
Platform modules already initialized, skipping
Refreshing native plugins compatible for Editor in 22.40 ms, found 2 plugins.
Preloading 0 native plugins for Editor in 0.00 ms.
Unloading 2412 Unused Serialized files (Serialized files now loaded: 0)
Unloading 49 unused Assets / (25.7 KB). Loaded Objects now: 2861.
Memory consumption went from 94.9 MB to 94.9 MB.
Total: 36.043700 ms (FindLiveObjects: 0.511300 ms CreateObjectMapping: 0.213100 ms MarkObjects: 35.222300 ms  DeleteObjects: 0.094000 ms)

AssetImportParameters requested are different than current active one (requested -> active):
  custom:video-decoder-ogg-theora: a1e56fd34408186e4bbccfd4996cb3dc -> 
  custom:container-muxer-webm: aa71ff27fc2769a1b78a27578f13a17b -> 
  custom:container-demuxer-webm: 4f35f7cbe854078d1ac9338744f61a02 -> 
  custom:video-encoder-webm-vp8: eb34c28f22e8b96e1ab97ce403110664 -> 
  custom:audio-encoder-webm-vorbis: bf7c407c2cedff20999df2af8eb42d56 -> 
  custom:framework-win-MediaFoundation: 216162199b28c13a410421893ffa2e32 -> 
  custom:container-demuxer-ogg: 62fdf1f143b41e24485cea50d1cbac27 -> 
  custom:video-decoder-webm-vp8: 9c59270c3fd7afecdb556c50c9e8de78 -> 
  custom:audio-decoder-ogg-vorbis: bf7c407c2cedff20999df2af8eb42d56 -> 
========================================================================
Received Import Request.
  Time since last request: 120.472411 seconds.
  path: Assets/Scripts/TowerManager.cs
  artifactKey: Guid(c379a6d7da28d7a458d718f49034d724) Importer(815301076,1909f56bfc062723c751e8b465ee728b)
Start importing Assets/Scripts/TowerManager.cs using Guid(c379a6d7da28d7a458d718f49034d724) Importer(815301076,1909f56bfc062723c751e8b465ee728b)  -> (artifact id: '2e9aa9da9d1a1982de9c63dfeae8fddc') in 0.054976 seconds 
========================================================================
Received Import Request.
  Time since last request: 43.586341 seconds.
  path: Assets/Prefabs/Checkpoints.prefab
  artifactKey: Guid(7c2de2e0f03a9bf43a079e76dbd55e4b) Importer(815301076,1909f56bfc062723c751e8b465ee728b)
Start importing Assets/Prefabs/Checkpoints.prefab using Guid(7c2de2e0f03a9bf43a079e76dbd55e4b) Importer(815301076,1909f56bfc062723c751e8b465ee728b)  -> (artifact id: '4a99fffb98e375932e511301afb2d6fd') in 0.107935 seconds 
========================================================================
Received Import Request.
  Time since last request: 0.000031 seconds.
  path: Assets/Prefabs/SoundManager.prefab
  artifactKey: Guid(806993f483a2eb44492a94011612d5e8) Importer(815301076,1909f56bfc062723c751e8b465ee728b)
Start importing Assets/Prefabs/SoundManager.prefab using Guid(806993f483a2eb44492a94011612d5e8) Importer(815301076,1909f56bfc062723c751e8b465ee728b)  -> (artifact id: 'a3a3569724b30f6aaa6435c9a90e0026') in 0.033920 seconds 
========================================================================
Received Import Request.
  Time since last request: 0.000077 seconds.
  path: Assets/Prefabs/Spawn.prefab
  artifactKey: Guid(19425cfc21593b64aa8a4a642b213702) Importer(815301076,1909f56bfc062723c751e8b465ee728b)
Start importing Assets/Prefabs/Spawn.prefab using Guid(19425cfc21593b64aa8a4a642b213702) Importer(815301076,1909f56bfc062723c751e8b465ee728b)  -> (artifact id: 'b38138394ca0a169b6d5f505ce687ed8') in 0.036378 seconds 
========================================================================
Received Import Request.
  Time since last request: 1.720425 seconds.
  path: Assets/Prefabs/Enemies
  artifactKey: Guid(d667f9d49fea532408eb765336c30596) Importer(815301076,1909f56bfc062723c751e8b465ee728b)
Start importing Assets/Prefabs/Enemies using Guid(d667f9d49fea532408eb765336c30596) Importer(815301076,1909f56bfc062723c751e8b465ee728b)  -> (artifact id: 'e7170a473198821267b58d5ebc06203e') in 0.020472 seconds 
========================================================================
Received Import Request.
  Time since last request: 0.000060 seconds.
  path: Assets/Prefabs/Enemies/Enemy3.prefab
  artifactKey: Guid(0aef1d8345d93ef439ac7d205cd15b18) Importer(815301076,1909f56bfc062723c751e8b465ee728b)
Start importing Assets/Prefabs/Enemies/Enemy3.prefab using Guid(0aef1d8345d93ef439ac7d205cd15b18) Importer(815301076,1909f56bfc062723c751e8b465ee728b)  -> (artifact id: '84ae532f10811c8c3f7f6cc78b062287') in 0.301831 seconds 
========================================================================
Received Import Request.
  Time since last request: 48.838950 seconds.
  path: Assets/Prefabs/Enemies/Enemy2.prefab
  artifactKey: Guid(6b8603f90542c11499f30fec4d74287e) Importer(815301076,1909f56bfc062723c751e8b465ee728b)
Start importing Assets/Prefabs/Enemies/Enemy2.prefab using Guid(6b8603f90542c11499f30fec4d74287e) Importer(815301076,1909f56bfc062723c751e8b465ee728b)  -> (artifact id: '70da496d2759e01fa0444fcccf4ee181') in 0.144240 seconds 
========================================================================
Received Prepare
Registering precompiled user dll's ...
Registered in 0.013184 seconds.
Begin MonoManager ReloadAssembly
Native extension for WindowsStandalone target not found
Refreshing native plugins compatible for Editor in 1.60 ms, found 2 plugins.
Preloading 0 native plugins for Editor in 0.00 ms.
Mono: successfully reloaded assembly
- Completed reload, in  3.757 seconds
Domain Reload Profiling:
	ReloadAssembly (3760ms)
		BeginReloadAssembly (392ms)
			ExecutionOrderSort (0ms)
			DisableScriptedObjects (27ms)
			BackupInstance (0ms)
			ReleaseScriptingObjects (0ms)
			CreateAndSetChildDomain (101ms)
		EndReloadAssembly (2966ms)
			LoadAssemblies (258ms)
			RebuildTransferFunctionScriptingTraits (0ms)
			SetupTypeCache (739ms)
			ReleaseScriptCaches (3ms)
			RebuildScriptCaches (171ms)
			SetupLoadedEditorAssemblies (1600ms)
				LogAssemblyErrors (0ms)
				InitializePlatformSupportModulesInManaged (43ms)
				SetLoadedEditorAssemblies (1ms)
				RefreshPlugins (2ms)
				BeforeProcessingInitializeOnLoad (235ms)
				ProcessInitializeOnLoadAttributes (787ms)
				ProcessInitializeOnLoadMethodAttributes (509ms)
				AfterProcessingInitializeOnLoad (24ms)
				EditorAssembliesLoaded (1ms)
			ExecutionOrderSort2 (0ms)
			AwakeInstancesAfterBackupRestoration (30ms)
Platform modules already initialized, skipping
Refreshing native plugins compatible for Editor in 15.37 ms, found 2 plugins.
Preloading 0 native plugins for Editor in 0.00 ms.
Unloading 2412 Unused Serialized files (Serialized files now loaded: 0)
Unloading 49 unused Assets / (25.7 KB). Loaded Objects now: 2871.
Memory consumption went from 95.1 MB to 95.1 MB.
Total: 15.729900 ms (FindLiveObjects: 0.394600 ms CreateObjectMapping: 0.157300 ms MarkObjects: 15.076400 ms  DeleteObjects: 0.099300 ms)

AssetImportParameters requested are different than current active one (requested -> active):
  custom:video-decoder-ogg-theora: a1e56fd34408186e4bbccfd4996cb3dc -> 
  custom:container-muxer-webm: aa71ff27fc2769a1b78a27578f13a17b -> 
  custom:container-demuxer-webm: 4f35f7cbe854078d1ac9338744f61a02 -> 
  custom:video-encoder-webm-vp8: eb34c28f22e8b96e1ab97ce403110664 -> 
  custom:audio-encoder-webm-vorbis: bf7c407c2cedff20999df2af8eb42d56 -> 
  custom:framework-win-MediaFoundation: 216162199b28c13a410421893ffa2e32 -> 
  custom:container-demuxer-ogg: 62fdf1f143b41e24485cea50d1cbac27 -> 
  custom:video-decoder-webm-vp8: 9c59270c3fd7afecdb556c50c9e8de78 -> 
  custom:audio-decoder-ogg-vorbis: bf7c407c2cedff20999df2af8eb42d56 -> 
========================================================================
Received Import Request.
  Time since last request: 382.000631 seconds.
  path: Assets/Prefabs/Enemies/Enemy1.prefab
  artifactKey: Guid(697f8da902db5bf4981bcd80f57cf657) Importer(815301076,1909f56bfc062723c751e8b465ee728b)
Start importing Assets/Prefabs/Enemies/Enemy1.prefab using Guid(697f8da902db5bf4981bcd80f57cf657) Importer(815301076,1909f56bfc062723c751e8b465ee728b)  -> (artifact id: '7aba23632bc2e3d9fe8c4895491e135c') in 0.300771 seconds 
========================================================================
Received Import Request.
  Time since last request: 11.371193 seconds.
  path: Assets/Prefabs/Enemies/Enemy3.prefab
  artifactKey: Guid(0aef1d8345d93ef439ac7d205cd15b18) Importer(815301076,1909f56bfc062723c751e8b465ee728b)
Start importing Assets/Prefabs/Enemies/Enemy3.prefab using Guid(0aef1d8345d93ef439ac7d205cd15b18) Importer(815301076,1909f56bfc062723c751e8b465ee728b)  -> (artifact id: '92755d2a91ef1944bed07cb4c4a1d768') in 0.165736 seconds 
========================================================================
Received Prepare
Registering precompiled user dll's ...
Registered in 0.016154 seconds.
Begin MonoManager ReloadAssembly
Native extension for WindowsStandalone target not found
Refreshing native plugins compatible for Editor in 2.31 ms, found 2 plugins.
Preloading 0 native plugins for Editor in 0.00 ms.
Mono: successfully reloaded assembly
- Completed reload, in  3.841 seconds
Domain Reload Profiling:
	ReloadAssembly (3844ms)
		BeginReloadAssembly (406ms)
			ExecutionOrderSort (0ms)
			DisableScriptedObjects (22ms)
			BackupInstance (0ms)
			ReleaseScriptingObjects (0ms)
			CreateAndSetChildDomain (99ms)
		EndReloadAssembly (3011ms)
			LoadAssemblies (282ms)
			RebuildTransferFunctionScriptingTraits (0ms)
			SetupTypeCache (786ms)
			ReleaseScriptCaches (4ms)
			RebuildScriptCaches (138ms)
			SetupLoadedEditorAssemblies (1569ms)
				LogAssemblyErrors (0ms)
				InitializePlatformSupportModulesInManaged (40ms)
				SetLoadedEditorAssemblies (2ms)
				RefreshPlugins (3ms)
				BeforeProcessingInitializeOnLoad (237ms)
				ProcessInitializeOnLoadAttributes (807ms)
				ProcessInitializeOnLoadMethodAttributes (456ms)
				AfterProcessingInitializeOnLoad (23ms)
				EditorAssembliesLoaded (1ms)
			ExecutionOrderSort2 (0ms)
			AwakeInstancesAfterBackupRestoration (21ms)
Platform modules already initialized, skipping
Refreshing native plugins compatible for Editor in 26.22 ms, found 2 plugins.
Preloading 0 native plugins for Editor in 0.00 ms.
Unloading 2412 Unused Serialized files (Serialized files now loaded: 0)
Unloading 49 unused Assets / (25.7 KB). Loaded Objects now: 2874.
Memory consumption went from 95.1 MB to 95.1 MB.
Total: 17.732800 ms (FindLiveObjects: 0.534000 ms CreateObjectMapping: 0.231500 ms MarkObjects: 16.829900 ms  DeleteObjects: 0.133600 ms)

AssetImportParameters requested are different than current active one (requested -> active):
  custom:video-decoder-ogg-theora: a1e56fd34408186e4bbccfd4996cb3dc -> 
  custom:container-muxer-webm: aa71ff27fc2769a1b78a27578f13a17b -> 
  custom:container-demuxer-webm: 4f35f7cbe854078d1ac9338744f61a02 -> 
  custom:video-encoder-webm-vp8: eb34c28f22e8b96e1ab97ce403110664 -> 
  custom:audio-encoder-webm-vorbis: bf7c407c2cedff20999df2af8eb42d56 -> 
  custom:framework-win-MediaFoundation: 216162199b28c13a410421893ffa2e32 -> 
  custom:container-demuxer-ogg: 62fdf1f143b41e24485cea50d1cbac27 -> 
  custom:video-decoder-webm-vp8: 9c59270c3fd7afecdb556c50c9e8de78 -> 
  custom:audio-decoder-ogg-vorbis: bf7c407c2cedff20999df2af8eb42d56 -> 
========================================================================
Received Import Request.
  Time since last request: 179.257089 seconds.
  path: Assets/Prefabs/Enemies/Enemy1.prefab
  artifactKey: Guid(697f8da902db5bf4981bcd80f57cf657) Importer(815301076,1909f56bfc062723c751e8b465ee728b)
Start importing Assets/Prefabs/Enemies/Enemy1.prefab using Guid(697f8da902db5bf4981bcd80f57cf657) Importer(815301076,1909f56bfc062723c751e8b465ee728b)  -> (artifact id: 'a649da47b957843285cd41e01d54383d') in 0.244066 seconds 
========================================================================
Received Import Request.
  Time since last request: 40.308493 seconds.
  path: Assets/Prefabs/Checkpoint (1).prefab
  artifactKey: Guid(35fcb25321b92a04390b06f98b064169) Importer(815301076,1909f56bfc062723c751e8b465ee728b)
Start importing Assets/Prefabs/Checkpoint (1).prefab using Guid(35fcb25321b92a04390b06f98b064169) Importer(815301076,1909f56bfc062723c751e8b465ee728b)  -> (artifact id: 'cc19d1b81a54aa6c374249d675425eee') in 0.041106 seconds 
========================================================================
Received Import Request.
  Time since last request: 0.000058 seconds.
  path: Assets/Prefabs/Checkpoints.prefab
  artifactKey: Guid(7c2de2e0f03a9bf43a079e76dbd55e4b) Importer(815301076,1909f56bfc062723c751e8b465ee728b)
Start importing Assets/Prefabs/Checkpoints.prefab using Guid(7c2de2e0f03a9bf43a079e76dbd55e4b) Importer(815301076,1909f56bfc062723c751e8b465ee728b)  -> (artifact id: '5366b0aab11b7f0dc24e390733ba3b3f') in 0.009298 seconds 
========================================================================
Received Import Request.
  Time since last request: 9.792397 seconds.
  path: Assets/Prefabs/Checkpoints.prefab
  artifactKey: Guid(7c2de2e0f03a9bf43a079e76dbd55e4b) Importer(815301076,1909f56bfc062723c751e8b465ee728b)
Start importing Assets/Prefabs/Checkpoints.prefab using Guid(7c2de2e0f03a9bf43a079e76dbd55e4b) Importer(815301076,1909f56bfc062723c751e8b465ee728b)  -> (artifact id: '663e90e46501759250a002f8709df556') in 0.010681 seconds 
========================================================================
Received Import Request.
  Time since last request: 2.130843 seconds.
  path: Assets/Prefabs/Checkpoints.prefab
  artifactKey: Guid(7c2de2e0f03a9bf43a079e76dbd55e4b) Importer(815301076,1909f56bfc062723c751e8b465ee728b)
Start importing Assets/Prefabs/Checkpoints.prefab using Guid(7c2de2e0f03a9bf43a079e76dbd55e4b) Importer(815301076,1909f56bfc062723c751e8b465ee728b)  -> (artifact id: '3c396d53e5b24a33ff3e42d8fd57f1e0') in 0.010256 seconds 
========================================================================
Received Import Request.
  Time since last request: 23.768099 seconds.
  path: Assets/Prefabs/Enemies/Enemy3.prefab
  artifactKey: Guid(0aef1d8345d93ef439ac7d205cd15b18) Importer(815301076,1909f56bfc062723c751e8b465ee728b)
Start importing Assets/Prefabs/Enemies/Enemy3.prefab using Guid(0aef1d8345d93ef439ac7d205cd15b18) Importer(815301076,1909f56bfc062723c751e8b465ee728b)  -> (artifact id: '7de795bca5f13c2005fa2bedbbcbcfb1') in 0.138198 seconds 
========================================================================
Received Prepare
Registering precompiled user dll's ...
Registered in 0.018726 seconds.
Begin MonoManager ReloadAssembly
Native extension for WindowsStandalone target not found
Refreshing native plugins compatible for Editor in 2.41 ms, found 2 plugins.
Preloading 0 native plugins for Editor in 0.00 ms.
Mono: successfully reloaded assembly
- Completed reload, in  3.940 seconds
Domain Reload Profiling:
	ReloadAssembly (3943ms)
		BeginReloadAssembly (473ms)
			ExecutionOrderSort (0ms)
			DisableScriptedObjects (30ms)
			BackupInstance (0ms)
			ReleaseScriptingObjects (0ms)
			CreateAndSetChildDomain (111ms)
		EndReloadAssembly (3057ms)
			LoadAssemblies (331ms)
			RebuildTransferFunctionScriptingTraits (0ms)
			SetupTypeCache (742ms)
			ReleaseScriptCaches (3ms)
			RebuildScriptCaches (136ms)
			SetupLoadedEditorAssemblies (1689ms)
				LogAssemblyErrors (0ms)
				InitializePlatformSupportModulesInManaged (55ms)
				SetLoadedEditorAssemblies (1ms)
				RefreshPlugins (3ms)
				BeforeProcessingInitializeOnLoad (243ms)
				ProcessInitializeOnLoadAttributes (837ms)
				ProcessInitializeOnLoadMethodAttributes (522ms)
				AfterProcessingInitializeOnLoad (27ms)
				EditorAssembliesLoaded (1ms)
			ExecutionOrderSort2 (0ms)
			AwakeInstancesAfterBackupRestoration (26ms)
Platform modules already initialized, skipping
Refreshing native plugins compatible for Editor in 23.27 ms, found 2 plugins.
Preloading 0 native plugins for Editor in 0.00 ms.
Unloading 2412 Unused Serialized files (Serialized files now loaded: 0)
Unloading 49 unused Assets / (25.7 KB). Loaded Objects now: 2877.
Memory consumption went from 95.2 MB to 95.2 MB.
Total: 17.658100 ms (FindLiveObjects: 0.457400 ms CreateObjectMapping: 0.163500 ms MarkObjects: 16.890300 ms  DeleteObjects: 0.143300 ms)

AssetImportParameters requested are different than current active one (requested -> active):
  custom:video-decoder-ogg-theora: a1e56fd34408186e4bbccfd4996cb3dc -> 
  custom:container-muxer-webm: aa71ff27fc2769a1b78a27578f13a17b -> 
  custom:container-demuxer-webm: 4f35f7cbe854078d1ac9338744f61a02 -> 
  custom:video-encoder-webm-vp8: eb34c28f22e8b96e1ab97ce403110664 -> 
  custom:audio-encoder-webm-vorbis: bf7c407c2cedff20999df2af8eb42d56 -> 
  custom:framework-win-MediaFoundation: 216162199b28c13a410421893ffa2e32 -> 
  custom:container-demuxer-ogg: 62fdf1f143b41e24485cea50d1cbac27 -> 
  custom:video-decoder-webm-vp8: 9c59270c3fd7afecdb556c50c9e8de78 -> 
  custom:audio-decoder-ogg-vorbis: bf7c407c2cedff20999df2af8eb42d56 -> 
========================================================================
Received Import Request.
  Time since last request: 254.790279 seconds.
  path: Assets/Prefabs/Enemies/Enemy2.prefab
  artifactKey: Guid(6b8603f90542c11499f30fec4d74287e) Importer(815301076,1909f56bfc062723c751e8b465ee728b)
Start importing Assets/Prefabs/Enemies/Enemy2.prefab using Guid(6b8603f90542c11499f30fec4d74287e) Importer(815301076,1909f56bfc062723c751e8b465ee728b)  -> (artifact id: '869411fd2ad6274e4eb87806920ca229') in 0.358984 seconds 
========================================================================
Received Prepare
Registering precompiled user dll's ...
Registered in 0.020246 seconds.
Begin MonoManager ReloadAssembly
Native extension for WindowsStandalone target not found
Refreshing native plugins compatible for Editor in 3.43 ms, found 2 plugins.
Preloading 0 native plugins for Editor in 0.00 ms.
Mono: successfully reloaded assembly
- Completed reload, in  4.232 seconds
Domain Reload Profiling:
	ReloadAssembly (4234ms)
		BeginReloadAssembly (464ms)
			ExecutionOrderSort (0ms)
			DisableScriptedObjects (22ms)
			BackupInstance (0ms)
			ReleaseScriptingObjects (0ms)
			CreateAndSetChildDomain (114ms)
		EndReloadAssembly (3296ms)
			LoadAssemblies (310ms)
			RebuildTransferFunctionScriptingTraits (0ms)
			SetupTypeCache (855ms)
			ReleaseScriptCaches (4ms)
			RebuildScriptCaches (168ms)
			SetupLoadedEditorAssemblies (1717ms)
				LogAssemblyErrors (0ms)
				InitializePlatformSupportModulesInManaged (49ms)
				SetLoadedEditorAssemblies (3ms)
				RefreshPlugins (4ms)
				BeforeProcessingInitializeOnLoad (274ms)
				ProcessInitializeOnLoadAttributes (840ms)
				ProcessInitializeOnLoadMethodAttributes (516ms)
				AfterProcessingInitializeOnLoad (30ms)
				EditorAssembliesLoaded (1ms)
			ExecutionOrderSort2 (0ms)
			AwakeInstancesAfterBackupRestoration (25ms)
Platform modules already initialized, skipping
Refreshing native plugins compatible for Editor in 18.06 ms, found 2 plugins.
Preloading 0 native plugins for Editor in 0.00 ms.
Unloading 2412 Unused Serialized files (Serialized files now loaded: 0)
Unloading 49 unused Assets / (25.7 KB). Loaded Objects now: 2880.
Memory consumption went from 95.2 MB to 95.2 MB.
Total: 18.706400 ms (FindLiveObjects: 0.395100 ms CreateObjectMapping: 0.148100 ms MarkObjects: 18.107300 ms  DeleteObjects: 0.053700 ms)

AssetImportParameters requested are different than current active one (requested -> active):
  custom:video-decoder-ogg-theora: a1e56fd34408186e4bbccfd4996cb3dc -> 
  custom:container-muxer-webm: aa71ff27fc2769a1b78a27578f13a17b -> 
  custom:container-demuxer-webm: 4f35f7cbe854078d1ac9338744f61a02 -> 
  custom:video-encoder-webm-vp8: eb34c28f22e8b96e1ab97ce403110664 -> 
  custom:audio-encoder-webm-vorbis: bf7c407c2cedff20999df2af8eb42d56 -> 
  custom:framework-win-MediaFoundation: 216162199b28c13a410421893ffa2e32 -> 
  custom:container-demuxer-ogg: 62fdf1f143b41e24485cea50d1cbac27 -> 
  custom:video-decoder-webm-vp8: 9c59270c3fd7afecdb556c50c9e8de78 -> 
  custom:audio-decoder-ogg-vorbis: bf7c407c2cedff20999df2af8eb42d56 -> 
========================================================================
Received Prepare
Registering precompiled user dll's ...
Registered in 0.015637 seconds.
Begin MonoManager ReloadAssembly
Native extension for WindowsStandalone target not found
Refreshing native plugins compatible for Editor in 2.39 ms, found 2 plugins.
Preloading 0 native plugins for Editor in 0.00 ms.
Mono: successfully reloaded assembly
- Completed reload, in  4.277 seconds
Domain Reload Profiling:
	ReloadAssembly (4280ms)
		BeginReloadAssembly (483ms)
			ExecutionOrderSort (0ms)
			DisableScriptedObjects (35ms)
			BackupInstance (0ms)
			ReleaseScriptingObjects (0ms)
			CreateAndSetChildDomain (105ms)
		EndReloadAssembly (3390ms)
			LoadAssemblies (341ms)
			RebuildTransferFunctionScriptingTraits (0ms)
			SetupTypeCache (818ms)
			ReleaseScriptCaches (3ms)
			RebuildScriptCaches (169ms)
			SetupLoadedEditorAssemblies (1842ms)
				LogAssemblyErrors (0ms)
				InitializePlatformSupportModulesInManaged (50ms)
				SetLoadedEditorAssemblies (2ms)
				RefreshPlugins (3ms)
				BeforeProcessingInitializeOnLoad (293ms)
				ProcessInitializeOnLoadAttributes (881ms)
				ProcessInitializeOnLoadMethodAttributes (578ms)
				AfterProcessingInitializeOnLoad (35ms)
				EditorAssembliesLoaded (1ms)
			ExecutionOrderSort2 (0ms)
			AwakeInstancesAfterBackupRestoration (35ms)
Platform modules already initialized, skipping
Refreshing native plugins compatible for Editor in 24.32 ms, found 2 plugins.
Preloading 0 native plugins for Editor in 0.00 ms.
Unloading 2412 Unused Serialized files (Serialized files now loaded: 0)
Unloading 49 unused Assets / (25.7 KB). Loaded Objects now: 2883.
Memory consumption went from 95.2 MB to 95.2 MB.
Total: 31.125700 ms (FindLiveObjects: 0.544900 ms CreateObjectMapping: 0.353000 ms MarkObjects: 30.143500 ms  DeleteObjects: 0.080500 ms)

AssetImportParameters requested are different than current active one (requested -> active):
  custom:video-decoder-ogg-theora: a1e56fd34408186e4bbccfd4996cb3dc -> 
  custom:container-muxer-webm: aa71ff27fc2769a1b78a27578f13a17b -> 
  custom:container-demuxer-webm: 4f35f7cbe854078d1ac9338744f61a02 -> 
  custom:video-encoder-webm-vp8: eb34c28f22e8b96e1ab97ce403110664 -> 
  custom:audio-encoder-webm-vorbis: bf7c407c2cedff20999df2af8eb42d56 -> 
  custom:framework-win-MediaFoundation: 216162199b28c13a410421893ffa2e32 -> 
  custom:container-demuxer-ogg: 62fdf1f143b41e24485cea50d1cbac27 -> 
  custom:video-decoder-webm-vp8: 9c59270c3fd7afecdb556c50c9e8de78 -> 
  custom:audio-decoder-ogg-vorbis: bf7c407c2cedff20999df2af8eb42d56 -> 
========================================================================
Received Prepare
Registering precompiled user dll's ...
Registered in 0.006341 seconds.
Begin MonoManager ReloadAssembly
Native extension for WindowsStandalone target not found
Refreshing native plugins compatible for Editor in 1.00 ms, found 2 plugins.
Preloading 0 native plugins for Editor in 0.00 ms.
Mono: successfully reloaded assembly
- Completed reload, in  1.467 seconds
Domain Reload Profiling:
	ReloadAssembly (1467ms)
		BeginReloadAssembly (191ms)
			ExecutionOrderSort (0ms)
			DisableScriptedObjects (12ms)
			BackupInstance (0ms)
			ReleaseScriptingObjects (0ms)
			CreateAndSetChildDomain (57ms)
		EndReloadAssembly (1127ms)
			LoadAssemblies (124ms)
			RebuildTransferFunctionScriptingTraits (0ms)
			SetupTypeCache (283ms)
			ReleaseScriptCaches (2ms)
			RebuildScriptCaches (69ms)
			SetupLoadedEditorAssemblies (566ms)
				LogAssemblyErrors (0ms)
				InitializePlatformSupportModulesInManaged (18ms)
				SetLoadedEditorAssemblies (1ms)
				RefreshPlugins (1ms)
				BeforeProcessingInitializeOnLoad (96ms)
				ProcessInitializeOnLoadAttributes (276ms)
				ProcessInitializeOnLoadMethodAttributes (166ms)
				AfterProcessingInitializeOnLoad (7ms)
				EditorAssembliesLoaded (0ms)
			ExecutionOrderSort2 (0ms)
			AwakeInstancesAfterBackupRestoration (8ms)
Platform modules already initialized, skipping
Refreshing native plugins compatible for Editor in 5.77 ms, found 2 plugins.
Preloading 0 native plugins for Editor in 0.00 ms.
Unloading 2412 Unused Serialized files (Serialized files now loaded: 0)
Unloading 49 unused Assets / (25.6 KB). Loaded Objects now: 2886.
Memory consumption went from 95.2 MB to 95.2 MB.
Total: 8.415500 ms (FindLiveObjects: 0.233700 ms CreateObjectMapping: 0.126100 ms MarkObjects: 8.021200 ms  DeleteObjects: 0.033500 ms)

AssetImportParameters requested are different than current active one (requested -> active):
  custom:video-decoder-ogg-theora: a1e56fd34408186e4bbccfd4996cb3dc -> 
  custom:container-muxer-webm: aa71ff27fc2769a1b78a27578f13a17b -> 
  custom:container-demuxer-webm: 4f35f7cbe854078d1ac9338744f61a02 -> 
  custom:video-encoder-webm-vp8: eb34c28f22e8b96e1ab97ce403110664 -> 
  custom:audio-encoder-webm-vorbis: bf7c407c2cedff20999df2af8eb42d56 -> 
  custom:framework-win-MediaFoundation: 216162199b28c13a410421893ffa2e32 -> 
  custom:container-demuxer-ogg: 62fdf1f143b41e24485cea50d1cbac27 -> 
  custom:video-decoder-webm-vp8: 9c59270c3fd7afecdb556c50c9e8de78 -> 
  custom:audio-decoder-ogg-vorbis: bf7c407c2cedff20999df2af8eb42d56 -> 
========================================================================
Received Import Request.
  Time since last request: 1503.734369 seconds.
  path: Assets/Prefabs/Enemies/Enemy2.prefab
  artifactKey: Guid(6b8603f90542c11499f30fec4d74287e) Importer(815301076,1909f56bfc062723c751e8b465ee728b)
Start importing Assets/Prefabs/Enemies/Enemy2.prefab using Guid(6b8603f90542c11499f30fec4d74287e) Importer(815301076,1909f56bfc062723c751e8b465ee728b)  -> (artifact id: '6f32a262522c7800c25fe3232adae7d5') in 0.389596 seconds 
========================================================================
Received Import Request.
  Time since last request: 292.278178 seconds.
  path: Assets/Prefabs/Enemies/Enemy2.prefab
  artifactKey: Guid(6b8603f90542c11499f30fec4d74287e) Importer(815301076,1909f56bfc062723c751e8b465ee728b)
Start importing Assets/Prefabs/Enemies/Enemy2.prefab using Guid(6b8603f90542c11499f30fec4d74287e) Importer(815301076,1909f56bfc062723c751e8b465ee728b)  -> (artifact id: '62f13c6ea246f9ac6c4e85ad4085e3d4') in 0.157353 seconds 
========================================================================
Received Prepare
Registering precompiled user dll's ...
Registered in 0.020221 seconds.
Begin MonoManager ReloadAssembly
Native extension for WindowsStandalone target not found
Refreshing native plugins compatible for Editor in 1.90 ms, found 2 plugins.
Preloading 0 native plugins for Editor in 0.00 ms.
Mono: successfully reloaded assembly
- Completed reload, in  3.838 seconds
Domain Reload Profiling:
	ReloadAssembly (3840ms)
		BeginReloadAssembly (433ms)
			ExecutionOrderSort (0ms)
			DisableScriptedObjects (26ms)
			BackupInstance (0ms)
			ReleaseScriptingObjects (0ms)
			CreateAndSetChildDomain (99ms)
		EndReloadAssembly (3000ms)
			LoadAssemblies (310ms)
			RebuildTransferFunctionScriptingTraits (0ms)
			SetupTypeCache (718ms)
			ReleaseScriptCaches (3ms)
			RebuildScriptCaches (151ms)
			SetupLoadedEditorAssemblies (1643ms)
				LogAssemblyErrors (0ms)
				InitializePlatformSupportModulesInManaged (52ms)
				SetLoadedEditorAssemblies (2ms)
				RefreshPlugins (2ms)
				BeforeProcessingInitializeOnLoad (233ms)
				ProcessInitializeOnLoadAttributes (809ms)
				ProcessInitializeOnLoadMethodAttributes (520ms)
				AfterProcessingInitializeOnLoad (24ms)
				EditorAssembliesLoaded (1ms)
			ExecutionOrderSort2 (0ms)
			AwakeInstancesAfterBackupRestoration (25ms)
Platform modules already initialized, skipping
Refreshing native plugins compatible for Editor in 17.73 ms, found 2 plugins.
Preloading 0 native plugins for Editor in 0.00 ms.
Unloading 2412 Unused Serialized files (Serialized files now loaded: 0)
Unloading 49 unused Assets / (25.7 KB). Loaded Objects now: 2889.
Memory consumption went from 95.2 MB to 95.2 MB.
Total: 17.450800 ms (FindLiveObjects: 0.397500 ms CreateObjectMapping: 0.205400 ms MarkObjects: 16.777100 ms  DeleteObjects: 0.068600 ms)

AssetImportParameters requested are different than current active one (requested -> active):
  custom:video-decoder-ogg-theora: a1e56fd34408186e4bbccfd4996cb3dc -> 
  custom:container-muxer-webm: aa71ff27fc2769a1b78a27578f13a17b -> 
  custom:container-demuxer-webm: 4f35f7cbe854078d1ac9338744f61a02 -> 
  custom:video-encoder-webm-vp8: eb34c28f22e8b96e1ab97ce403110664 -> 
  custom:audio-encoder-webm-vorbis: bf7c407c2cedff20999df2af8eb42d56 -> 
  custom:framework-win-MediaFoundation: 216162199b28c13a410421893ffa2e32 -> 
  custom:container-demuxer-ogg: 62fdf1f143b41e24485cea50d1cbac27 -> 
  custom:video-decoder-webm-vp8: 9c59270c3fd7afecdb556c50c9e8de78 -> 
  custom:audio-decoder-ogg-vorbis: bf7c407c2cedff20999df2af8eb42d56 -> 
========================================================================
Received Import Request.
  Time since last request: 262.579187 seconds.
  path: Assets/Prefabs/Checkpoint (1).prefab
  artifactKey: Guid(35fcb25321b92a04390b06f98b064169) Importer(815301076,1909f56bfc062723c751e8b465ee728b)
Start importing Assets/Prefabs/Checkpoint (1).prefab using Guid(35fcb25321b92a04390b06f98b064169) Importer(815301076,1909f56bfc062723c751e8b465ee728b)  -> (artifact id: 'fcf90ed8edfa5e86edf53cf50eae2b4d') in 0.106405 seconds 
========================================================================
Received Import Request.
  Time since last request: 0.000045 seconds.
  path: Assets/Prefabs/Checkpoint (2).prefab
  artifactKey: Guid(7a58fe29f40fe074b87c55aba52bda6f) Importer(815301076,1909f56bfc062723c751e8b465ee728b)
Start importing Assets/Prefabs/Checkpoint (2).prefab using Guid(7a58fe29f40fe074b87c55aba52bda6f) Importer(815301076,1909f56bfc062723c751e8b465ee728b)  -> (artifact id: 'e4854ece248fe48a05d8677eb9023889') in 0.012977 seconds 
========================================================================
Received Import Request.
  Time since last request: 0.000057 seconds.
  path: Assets/Prefabs/Checkpoint.prefab
  artifactKey: Guid(51bf60b95c07bbc4bbd8ac6ff60276b7) Importer(815301076,1909f56bfc062723c751e8b465ee728b)
Start importing Assets/Prefabs/Checkpoint.prefab using Guid(51bf60b95c07bbc4bbd8ac6ff60276b7) Importer(815301076,1909f56bfc062723c751e8b465ee728b)  -> (artifact id: '5f869dd1f71ead7eaf4fafab65cf74d6') in 0.013261 seconds 
========================================================================
Received Import Request.
  Time since last request: 0.000050 seconds.
  path: Assets/Prefabs/Checkpoint (5).prefab
  artifactKey: Guid(a6f598948b08ecb4c8ce8ed7a4967635) Importer(815301076,1909f56bfc062723c751e8b465ee728b)
Start importing Assets/Prefabs/Checkpoint (5).prefab using Guid(a6f598948b08ecb4c8ce8ed7a4967635) Importer(815301076,1909f56bfc062723c751e8b465ee728b)  -> (artifact id: 'efb01ada7f701aa1cfc8fc740cb043ff') in 0.009594 seconds 
========================================================================
Received Import Request.
  Time since last request: 17.288941 seconds.
  path: Assets/Prefabs/Enemies/Enemy3.prefab
  artifactKey: Guid(0aef1d8345d93ef439ac7d205cd15b18) Importer(815301076,1909f56bfc062723c751e8b465ee728b)
Start importing Assets/Prefabs/Enemies/Enemy3.prefab using Guid(0aef1d8345d93ef439ac7d205cd15b18) Importer(815301076,1909f56bfc062723c751e8b465ee728b)  -> (artifact id: '6caa23e4c419e0caca7de19d61cac0f9') in 0.286463 seconds 
Editor requested this worker to shutdown with reason: Scaling down because of idle timeout
AssetImportWorker is now disconnected from the server
Process exiting
Exiting without the bug reporter. Application will terminate with return code 0